<?xml version="1.0" encoding="UTF-8"?>
<!-- Generated by org.testng.reporters.JUnitReportReporter -->
<testsuite hostname="DESKTOP-45TE5AF" failures="0" tests="1" name="POM.LoginTest" time="3.008" errors="0" timestamp="2025-04-01T12:59:29 IST" skipped="0">
  <testcase classname="POM.LoginTest" name="testLogin" time="3.008"/>
  <system-out/>
</testsuite> <!-- POM.LoginTest -->
